c:\users\daniel\documents\smartbot\replaceupdate.bsc
c:\users\daniel\documents\visual studio 2015\projects\replaceupdate\replaceupdate\debug\replaceupdate.pch
c:\users\daniel\documents\visual studio 2015\projects\replaceupdate\replaceupdate\debug\vc140.pdb
c:\users\daniel\documents\visual studio 2015\projects\replaceupdate\replaceupdate\debug\vc140.idb
c:\users\daniel\documents\visual studio 2015\projects\replaceupdate\replaceupdate\debug\stdafx.sbr
c:\users\daniel\documents\visual studio 2015\projects\replaceupdate\replaceupdate\debug\stdafx.obj
c:\users\daniel\documents\visual studio 2015\projects\replaceupdate\replaceupdate\debug\replaceupdate.sbr
c:\users\daniel\documents\visual studio 2015\projects\replaceupdate\replaceupdate\debug\replaceupdate.obj
c:\users\daniel\documents\smartbot\replaceupdate.ilk
c:\users\daniel\documents\smartbot\replaceupdate.exe
c:\users\daniel\documents\smartbot\replaceupdate.pdb
c:\users\daniel\documents\visual studio 2015\projects\replaceupdate\replaceupdate\..\..\..\..\smartbot\replaceupdate.exe
c:\users\daniel\documents\visual studio 2015\projects\replaceupdate\replaceupdate\debug\replaceupdate.tlog\bscmake.command.1.tlog
c:\users\daniel\documents\visual studio 2015\projects\replaceupdate\replaceupdate\debug\replaceupdate.tlog\bscmake.read.1.tlog
c:\users\daniel\documents\visual studio 2015\projects\replaceupdate\replaceupdate\debug\replaceupdate.tlog\bscmake.write.1.tlog
c:\users\daniel\documents\visual studio 2015\projects\replaceupdate\replaceupdate\debug\replaceupdate.tlog\cl.command.1.tlog
c:\users\daniel\documents\visual studio 2015\projects\replaceupdate\replaceupdate\debug\replaceupdate.tlog\cl.read.1.tlog
c:\users\daniel\documents\visual studio 2015\projects\replaceupdate\replaceupdate\debug\replaceupdate.tlog\cl.write.1.tlog
c:\users\daniel\documents\visual studio 2015\projects\replaceupdate\replaceupdate\debug\replaceupdate.tlog\link.command.1.tlog
c:\users\daniel\documents\visual studio 2015\projects\replaceupdate\replaceupdate\debug\replaceupdate.tlog\link.read.1.tlog
c:\users\daniel\documents\visual studio 2015\projects\replaceupdate\replaceupdate\debug\replaceupdate.tlog\link.write.1.tlog
